2013/01/02 23:11:59 [error] [exception.CDbException] SQLSTATE[HY000] [14] unable to open database file
2013/01/02 23:11:59 [error] [exception.CDbException] exception 'CDbException' with message 'CDbConnection failed to open the DB connection.' in /opt/RPi-temperature/http/framework/db/CDbConnection.php:387
Stack trace:
#0 /opt/RPi-temperature/http/framework/db/CDbConnection.php(330): CDbConnection->open()
#1 /opt/RPi-temperature/http/framework/db/CDbConnection.php(308): CDbConnection->setActive(true)
#2 /opt/RPi-temperature/http/framework/base/CModule.php(387): CDbConnection->init()
#3 /opt/RPi-temperature/http/framework/base/CModule.php(103): CModule->getComponent('db')
#4 /opt/RPi-temperature/http/framework/gii/generators/model/ModelCode.php(57): CModule->__get('db')
#5 /opt/RPi-temperature/http/framework/web/CFormModel.php(39): ModelCode->init()
#6 /opt/RPi-temperature/http/framework/gii/CCodeGenerator.php(153): CFormModel->__construct()
#7 /opt/RPi-temperature/http/framework/gii/CCodeGenerator.php(63): CCodeGenerator->prepare()
#8 /opt/RPi-temperature/http/framework/web/actions/CInlineAction.php(49): CCodeGenerator->actionIndex()
#9 /opt/RPi-temperature/http/framework/web/CController.php(308): CInlineAction->runWithParams(Array)
#10 /opt/RPi-temperature/http/framework/web/CController.php(286): CController->runAction(Object(CInlineAction))
#11 /opt/RPi-temperature/http/framework/web/CController.php(265): CController->runActionWithFilters(Object(CInlineAction), Array)
#12 /opt/RPi-temperature/http/framework/web/CWebApplication.php(282): CController->run('')
#13 /opt/RPi-temperature/http/framework/web/CWebApplication.php(141): CWebApplication->runController('gii/model')
#14 /opt/RPi-temperature/http/framework/base/CApplication.php(169): CWebApplication->processRequest()
#15 /opt/RPi-temperature/http/application/index.php(14): CApplication->run()
#16 {main}
REQUEST_URI=/index.php/gii/model
HTTP_REFERER=http://192.168.0.5/index.php/gii/default/index
---
2013/01/02 23:37:06 [error] [exception.CHttpException.404] exception 'CHttpException' with message 'Unable to find the code you requested.' in /opt/RPi-temperature/http/framework/gii/CCodeGenerator.php:90
Stack trace:
#0 /opt/RPi-temperature/http/framework/web/actions/CInlineAction.php(49): CCodeGenerator->actionCode()
#1 /opt/RPi-temperature/http/framework/web/CController.php(308): CInlineAction->runWithParams(Array)
#2 /opt/RPi-temperature/http/framework/web/CController.php(286): CController->runAction(Object(CInlineAction))
#3 /opt/RPi-temperature/http/framework/web/CController.php(265): CController->runActionWithFilters(Object(CInlineAction), Array)
#4 /opt/RPi-temperature/http/framework/web/CWebApplication.php(282): CController->run('code')
#5 /opt/RPi-temperature/http/framework/web/CWebApplication.php(141): CWebApplication->runController('gii/crud/code/i...')
#6 /opt/RPi-temperature/http/framework/base/CApplication.php(169): CWebApplication->processRequest()
#7 /opt/RPi-temperature/http/application/index.php(14): CApplication->run()
#8 {main}
REQUEST_URI=/index.php/gii/crud/code/id/0
HTTP_REFERER=http://192.168.0.5/index.php/gii/crud
---
2013/01/04 14:46:27 [error] [exception.CDbException] SQLSTATE[HY000] [14] unable to open database file
2013/01/04 14:46:27 [error] [exception.CDbException] exception 'CDbException' with message 'CDbConnection failed to open the DB connection.' in /opt/RPi-temperature/http/framework/db/CDbConnection.php:387
Stack trace:
#0 /opt/RPi-temperature/http/framework/db/CDbConnection.php(330): CDbConnection->open()
#1 /opt/RPi-temperature/http/framework/db/CDbConnection.php(308): CDbConnection->setActive(true)
#2 /opt/RPi-temperature/http/framework/base/CModule.php(387): CDbConnection->init()
#3 /opt/RPi-temperature/http/framework/base/CModule.php(103): CModule->getComponent('db')
#4 /opt/RPi-temperature/http/framework/gii/generators/crud/CrudCode.php(44): CModule->__get('db')
#5 /opt/RPi-temperature/http/framework/web/CFormModel.php(39): CrudCode->init()
#6 /opt/RPi-temperature/http/framework/gii/CCodeGenerator.php(153): CFormModel->__construct()
#7 /opt/RPi-temperature/http/framework/gii/CCodeGenerator.php(63): CCodeGenerator->prepare()
#8 /opt/RPi-temperature/http/framework/web/actions/CInlineAction.php(49): CCodeGenerator->actionIndex()
#9 /opt/RPi-temperature/http/framework/web/CController.php(308): CInlineAction->runWithParams(Array)
#10 /opt/RPi-temperature/http/framework/web/CController.php(286): CController->runAction(Object(CInlineAction))
#11 /opt/RPi-temperature/http/framework/web/CController.php(265): CController->runActionWithFilters(Object(CInlineAction), Array)
#12 /opt/RPi-temperature/http/framework/web/CWebApplication.php(282): CController->run('')
#13 /opt/RPi-temperature/http/framework/web/CWebApplication.php(141): CWebApplication->runController('gii/crud')
#14 /opt/RPi-temperature/http/framework/base/CApplication.php(169): CWebApplication->processRequest()
#15 /opt/RPi-temperature/http/application/index.php(14): CApplication->run()
#16 {main}
REQUEST_URI=/index.php/gii/crud
HTTP_REFERER=http://adafruit/index.php/gii/default/index
---
